make.exe all --print-data-base --no-builtin-variables --no-builtin-rules --question
make: *** No rule to make target 'all'.  Stop.

# GNU Make 4.3
# Built for Windows32
# Copyright (C) 1988-2020 Free Software Foundation, Inc.
# License GPLv3+: GNU GPL version 3 or later <http://gnu.org/licenses/gpl.html>
# This is free software: you are free to change and redistribute it.
# There is NO WARRANTY, to the extent permitted by law.

# Make data base, printed on Fri Mar 24 16:42:17 2023

# Variables

# environment
SYSTEMDRIVE = C:
# environment
LC_ALL = C
# makefile (from 'Makefile', line 7)
RGB_INCDIR = $(RGB_LIB_DISTRIBUTION)/include
# environment
USERPROFILE = C:\Users\mcdon
# environment
LOCALAPPDATA = C:\Users\mcdon\AppData\Local
# environment
VSCODE_IPC_HOOK_EXTHOST = \\.\pipe\vscode-ipc-c3e5c742-255c-4777-8780-54fbc6809098-sock
# environment
VSCODE_CWD = C:\Users\mcdon\AppData\Local\Programs\Microsoft VS Code
# environment
CHOCOLATEYINSTALL = C:\ProgramData\chocolatey
# environment
SYSTEMROOT = C:\WINDOWS
# environment
PROCESSOR_LEVEL = 23
# environment
PSMODULEPATH = C:\Program Files\WindowsPowerShell\Modules;C:\WINDOWS\system32\WindowsPowerShell\v1.0\Modules
# default
MAKE_COMMAND := C:/ProgramData/chocolatey/lib/make/tools/install/bin/make.exe
# automatic
@D = $(patsubst %/,%,$(patsubst %\,%,$(dir $@)))
# environment
CHROME_CRASHPAD_PIPE_NAME = \\.\pipe\crashpad_7844_YEHOHCWJWYVYVRRD
# environment
VSCODE_HANDLES_UNCAUGHT_ERRORS = true
# default
.VARIABLES := 
# automatic
%D = $(patsubst %/,%,$(patsubst %\,%,$(dir $%)))
# automatic
^D = $(patsubst %/,%,$(patsubst %\,%,$(dir $^)))
# environment
VSCODE_LOG_STACK = false
# automatic
%F = $(notdir $%)
# environment
VSCODE_CODE_CACHE_PATH = C:\Users\mcdon\AppData\Roaming\Code\CachedData\4af164ea3a06f701fe3e89a2bcbb421d2026b68f
# environment
LANG = C
# default
.LOADED := 
# environment
TMP = C:\Users\mcdon\AppData\Local\Temp
# default
.INCLUDE_DIRS = .
# environment
PROCESSOR_ARCHITEW6432 = AMD64
# makefile
MAKEFLAGS = pqrR
# environment
ONEDRIVE = C:\Users\mcdon\OneDrive
# makefile
CURDIR := c:/Users/mcdon/dev/ohsillyscope
# environment
VSCODE_PIPE_LOGGING = true
# environment
APPLICATION_INSIGHTS_NO_DIAGNOSTIC_CHANNEL = 1
# automatic
*D = $(patsubst %/,%,$(patsubst %\,%,$(dir $*)))
# environment
PROGRAMFILES = C:\Program Files (x86)
# environment
MFLAGS = -pqrR
# default
.SHELLFLAGS := -c
# environment
COMMONPROGRAMW6432 = C:\Program Files\Common Files
# automatic
+D = $(patsubst %/,%,$(patsubst %\,%,$(dir $+)))
# makefile (from 'Makefile', line 1)
MAKEFILE_LIST := Makefile
# automatic
@F = $(notdir $@)
# environment
VSCODE_VERBOSE_LOGGING = true
# environment
VSCODE_PID = 7844
# automatic
?D = $(patsubst %/,%,$(patsubst %\,%,$(dir $?)))
# automatic
*F = $(notdir $*)
# automatic
<D = $(patsubst %/,%,$(patsubst %\,%,$(dir $<)))
# makefile (from 'Makefile', line 8)
RGB_LIBDIR = $(RGB_LIB_DISTRIBUTION)/lib
# environment
VSCODE_NLS_CONFIG = {"locale":"en-us","availableLanguages":{},"_languagePackSupport":true}
# environment
EFC_7724 = 1
# environment
ONEDRIVECONSUMER = C:\Users\mcdon\OneDrive
# default
MAKE_HOST := Windows32
# environment
PROGRAMDATA = C:\ProgramData
# default
SHELL := C:/cygwin64/bin/sh.exe
# environment
HOMEPATH = \Users\mcdon
# default
MAKECMDGOALS := all
# environment
DRIVERDATA = C:\Windows\System32\Drivers\DriverData
# environment
COMSPEC = C:\WINDOWS\system32\cmd.exe
# environment
WINDIR = C:\WINDOWS
# environment
MAKELEVEL := 0
# default
MAKE = $(MAKE_COMMAND)
# makefile (from 'Makefile', line 10)
RGB_LIBRARY = $(RGB_LIBDIR)/lib$(RGB_LIBRARY_NAME).a
# environment
PATH = C:\Python310\Scripts\;C:\Python310\;C:\WINDOWS\system32;C:\WINDOWS;C:\WINDOWS\System32\Wbem;C:\WINDOWS\System32\WindowsPowerShell\v1.0\;C:\WINDOWS\System32\OpenSSH\;C:\Program Files\NVIDIA Corporation\NVIDIA NvDLISR;C:\Program Files (x86)\NVIDIA Corporation\PhysX\Common;C:\Program Files\Docker\Docker\resources\bin;C:\ProgramData\DockerDesktop\version-bin;C:\Program Files\Git\cmd;C:\Program Files\nodejs\;C:\ProgramData\chocolatey\bin;C:\cygwin64\bin;;%SystemRoot%\system32;%SystemRoot%;%SystemRoot%\System32\Wbem;%SYSTEMROOT%\System32\WindowsPowerShell\v1.0\;%SYSTEMROOT%\System32\OpenSSH\;C:\Users\mcdon\AppData\Local\Microsoft\WindowsApps;C:\Users\mcdon\AppData\Roaming\npm;C:\Users\mcdon\AppData\Local\Programs\Microsoft VS Code\bin;C:\cygwin64\bin;
# environment
COMPUTERNAME = NOTATURKEYPC
# default
MAKEFILES := 
# automatic
^F = $(notdir $^)
# environment
PROMPT = $P$G
# environment
CHOCOLATEYLASTPATHUPDATE = 132944576416231887
# environment
LOGONSERVER = \\NOTATURKEYPC
# environment
VSCODE_LOG_NATIVE = false
# environment
USERNAME = mcdon
# environment
COMMONPROGRAMFILES = C:\Program Files (x86)\Common Files
# automatic
?F = $(notdir $?)
# environment
PROGRAMW6432 = C:\Program Files
# environment
PATHEXT = .COM;.EXE;.BAT;.CMD;.VBS;.VBE;.JS;.JSE;.WSF;.WSH;.MSC;.PY;.PYW
# automatic
+F = $(notdir $+)
# environment
ORIGINAL_XDG_CURRENT_DESKTOP = undefined
# environment
USERDOMAIN = NOTATURKEYPC
# 'override' directive
GNUMAKEFLAGS := 
# environment
OS = Windows_NT
# makefile (from 'Makefile', line 6)
RGB_LIB_DISTRIBUTION = matrix
# makefile
.DEFAULT_GOAL := osc
# default
MAKE_VERSION := 4.3
# environment
PROGRAMFILES(X86) = C:\Program Files (x86)
# makefile (from 'Makefile', line 11)
LDFLAGS = -L$(RGB_LIBDIR) -l$(RGB_LIBRARY_NAME) -lrt -lm -lpthread -lncurses
# environment
USERDOMAIN_ROAMINGPROFILE = NOTATURKEYPC
# environment
NUMBER_OF_PROCESSORS = 12
# environment
PUBLIC = C:\Users\Public
# environment
APPDATA = C:\Users\mcdon\AppData\Roaming
# makefile (from 'Makefile', line 1)
CFLAGS = -Wall -O3 -g -Wextra -Wno-unused-parameter
# environment
HOMEDRIVE = C:
# makefile (from 'Makefile', line 9)
RGB_LIBRARY_NAME = rgbmatrix
# environment
PROCESSOR_ARCHITECTURE = x86
# environment
VSCODE_AMD_ENTRYPOINT = vs/workbench/api/node/extensionHostProcess
# environment
COMMONPROGRAMFILES(X86) = C:\Program Files (x86)\Common Files
# environment
ELECTRON_RUN_AS_NODE = 1
# environment
TEMP = C:\Users\mcdon\AppData\Local\Temp
# environment
VSCODE_IPC_HOOK = \\.\pipe\625e90e2c82eb1e677f5a8d7d1803116-1.68.0-main-sock
# default
.RECIPEPREFIX := 
# automatic
<F = $(notdir $<)
# default
SUFFIXES := 
# environment
ALLUSERSPROFILE = C:\ProgramData
# environment
SESSIONNAME = Console
# makefile (from 'Makefile', line 2)
CXXFLAGS = $(CFLAGS)
# default
.FEATURES := target-specific order-only second-expansion else-if shortest-stem undefine oneshell nocomment grouped-target extra-prereqs archives jobserver output-sync load
# environment
PROCESSOR_REVISION = 7100
# environment
PROCESSOR_IDENTIFIER = AMD64 Family 23 Model 113 Stepping 0, AuthenticAMD
# variable set hash-table stats:
# Load=104/1024=10%, Rehash=0, Collisions=9/131=7%

# Pattern-specific Variable Values

# No pattern-specific variable values.

# Directories

# . (key c:/Users/mcdon/dev/ohsillyscope, mtime 1679696549): 10 files, no impossibilities.

# 10 files, no impossibilities in 1 directories.

# Implicit Rules

# No implicit rules.

# Files

# Not a target:
Makefile:
#  Implicit rule search has been done.
#  Last modified 2023-03-24 16:42:08
#  File has been updated.
#  Successfully updated.

# Not a target:
osc.cc:
#  Implicit rule search has not been done.
#  Modification time never checked.
#  File has not been updated.

osc: osc.o
#  Implicit rule search has not been done.
#  Modification time never checked.
#  File has not been updated.
#  recipe to execute (from 'Makefile', line 15):
	$(CXX) $(CXXFLAGS) osc.o -o $@ -lasound $(LDFLAGS) $(RGB_LDFLAGS)

# Not a target:
.DEFAULT:
#  Implicit rule search has not been done.
#  Modification time never checked.
#  File has not been updated.

# Not a target:
all:
#  Command line target.
#  Implicit rule search has been done.
#  File does not exist.
#  File has not been updated.

osc.o: osc.cc
#  Implicit rule search has not been done.
#  Modification time never checked.
#  File has not been updated.
#  recipe to execute (from 'Makefile', line 18):
	$(CXX) -I$(RGB_INCDIR) $(CXXFLAGS) osc.cc -c -o $@ -lasound $(LDFLAGS) $(RGB_LDFLAGS) 

# files hash-table stats:
# Load=7/1024=1%, Rehash=0, Collisions=0/20=0%
# VPATH Search Paths

# No 'vpath' search paths.

# No general ('VPATH' variable) search path.

# strcache buffers: 1 (0) / strings = 15 / storage = 104 B / avg = 6 B
# current buf: size = 8174 B / used = 104 B / count = 15 / avg = 6 B

# strcache performance: lookups = 23 / hit rate = 34%
# hash-table stats:
# Load=15/8192=0%, Rehash=0, Collisions=0/23=0%
# Finished Make data base on Fri Mar 24 16:42:17 2023

 
